[2022-08-22T11:57:08.153358+09:00] WorkTimeSVC.INFO: Exception: Property [count] does not exist on this collection instance. in C:\xampp\htdocs\06_SVN\vendor\laravel\framework\src\Illuminate\Collections\Traits\EnumeratesValues.php:969
Stack trace:
#0 C:\xampp\htdocs\06_SVN\app\WorkTmSvc\GetWorkTimeDataUtility.php(26): Illuminate\Support\Collection->__get('count')
#1 C:\xampp\htdocs\06_SVN\app\Http\Controllers\Mng_Oprt\WorkTimeConvertController.php(47): App\WorkTmSvc\GetWorkTimeDataUtility::getWorkTimeDataFromAllTerminalToServer()
#2 C:\xampp\htdocs\06_SVN\vendor\laravel\framework\src\Illuminate\Routing\Controller.php(54): App\Http\Controllers\Mng_Oprt\WorkTimeConvertController->search()
#3 C:\xampp\htdocs\06_SVN\vendor\laravel\framework\src\Illuminate\Routing\ControllerDispatcher.php(45): Illuminate\Routing\Controller->callAction('search', Array)
#4 C:\xampp\htdocs\06_SVN\vendor\laravel\framework\src\Illuminate\Routing\Route.php(262): Illuminate\Routing\ControllerDispatcher->dispatch(Object(Illuminate\Routing\Route), Object(App\Http\Controllers\Mng_Oprt\WorkTimeConvertController), 'search')
#5 C:\xampp\htdocs\06_SVN\vendor\laravel\framework\src\Illuminate\Routing\Route.php(205): Illuminate\Routing\Route->runController()
#6 C:\xampp\htdocs\06_SVN\vendor\laravel\framework\src\Illuminate\Routing\Router.php(721): Illuminate\Routing\Route->run()
#7 C:\xampp\htdocs\06_SVN\vendor\laravel\framework\src\Illuminate\Pipeline\Pipeline.php(128): Illuminate\Routing\Router->Illuminate\Routing\{closure}(Object(Illuminate\Http\Request))
#8 C:\xampp\htdocs\06_SVN\app\Http\Controllers\Controller.php(98): Illuminate\Pipeline\Pipeline->Illuminate\Pipeline\{closure}(Object(Illuminate\Http\Request))
#9 C:\xampp\htdocs\06_SVN\vendor\laravel\framework\src\Illuminate\Pipeline\Pipeline.php(149): App\Http\Controllers\Controller->App\Http\Controllers\{closure}(Object(Illuminate\Http\Request), Object(Closure))
#10 C:\xampp\htdocs\06_SVN\app\Http\Middleware\AuthCheck.php(22): Illuminate\Pipeline\Pipeline->Illuminate\Pipeline\{closure}(Object(Illuminate\Http\Request))
#11 C:\xampp\htdocs\06_SVN\vendor\laravel\framework\src\Illuminate\Pipeline\Pipeline.php(167): App\Http\Middleware\AuthCheck->handle(Object(Illuminate\Http\Request), Object(Closure))
#12 C:\xampp\htdocs\06_SVN\vendor\laravel\framework\src\Illuminate\Routing\Middleware\SubstituteBindings.php(50): Illuminate\Pipeline\Pipeline->Illuminate\Pipeline\{closure}(Object(Illuminate\Http\Request))
#13 C:\xampp\htdocs\06_SVN\vendor\laravel\framework\src\Illuminate\Pipeline\Pipeline.php(167): Illuminate\Routing\Middleware\SubstituteBindings->handle(Object(Illuminate\Http\Request), Object(Closure))
#14 C:\xampp\htdocs\06_SVN\vendor\laravel\framework\src\Illuminate\Foundation\Http\Middleware\VerifyCsrfToken.php(78): Illuminate\Pipeline\Pipeline->Illuminate\Pipeline\{closure}(Object(Illuminate\Http\Request))
#15 C:\xampp\htdocs\06_SVN\app\Http\Middleware\VerifyCsrfToken.php(34): Illuminate\Foundation\Http\Middleware\VerifyCsrfToken->handle(Object(Illuminate\Http\Request), Object(Closure))
#16 C:\xampp\htdocs\06_SVN\vendor\laravel\framework\src\Illuminate\Pipeline\Pipeline.php(167): App\Http\Middleware\VerifyCsrfToken->handle(Object(Illuminate\Http\Request), Object(Closure))
#17 C:\xampp\htdocs\06_SVN\vendor\laravel\framework\src\Illuminate\View\Middleware\ShareErrorsFromSession.php(49): Illuminate\Pipeline\Pipeline->Illuminate\Pipeline\{closure}(Object(Illuminate\Http\Request))
#18 C:\xampp\htdocs\06_SVN\vendor\laravel\framework\src\Illuminate\Pipeline\Pipeline.php(167): Illuminate\View\Middleware\ShareErrorsFromSession->handle(Object(Illuminate\Http\Request), Object(Closure))
#19 C:\xampp\htdocs\06_SVN\vendor\laravel\framework\src\Illuminate\Session\Middleware\StartSession.php(121): Illuminate\Pipeline\Pipeline->Illuminate\Pipeline\{closure}(Object(Illuminate\Http\Request))
#20 C:\xampp\htdocs\06_SVN\vendor\laravel\framework\src\Illuminate\Session\Middleware\StartSession.php(64): Illuminate\Session\Middleware\StartSession->handleStatefulRequest(Object(Illuminate\Http\Request), Object(Illuminate\Session\Store), Object(Closure))
#21 C:\xampp\htdocs\06_SVN\vendor\laravel\framework\src\Illuminate\Pipeline\Pipeline.php(167): Illuminate\Session\Middleware\StartSession->handle(Object(Illuminate\Http\Request), Object(Closure))
#22 C:\xampp\htdocs\06_SVN\vendor\laravel\framework\src\Illuminate\Cookie\Middleware\AddQueuedCookiesToResponse.php(37): Illuminate\Pipeline\Pipeline->Illuminate\Pipeline\{closure}(Object(Illuminate\Http\Request))
#23 C:\xampp\htdocs\06_SVN\vendor\laravel\framework\src\Illuminate\Pipeline\Pipeline.php(167): Illuminate\Cookie\Middleware\AddQueuedCookiesToResponse->handle(Object(Illuminate\Http\Request), Object(Closure))
#24 C:\xampp\htdocs\06_SVN\vendor\laravel\framework\src\Illuminate\Cookie\Middleware\EncryptCookies.php(67): Illuminate\Pipeline\Pipeline->Illuminate\Pipeline\{closure}(Object(Illuminate\Http\Request))
#25 C:\xampp\htdocs\06_SVN\vendor\laravel\framework\src\Illuminate\Pipeline\Pipeline.php(167): Illuminate\Cookie\Middleware\EncryptCookies->handle(Object(Illuminate\Http\Request), Object(Closure))
#26 C:\xampp\htdocs\06_SVN\vendor\laravel\framework\src\Illuminate\Pipeline\Pipeline.php(103): Illuminate\Pipeline\Pipeline->Illuminate\Pipeline\{closure}(Object(Illuminate\Http\Request))
#27 C:\xampp\htdocs\06_SVN\vendor\laravel\framework\src\Illuminate\Routing\Router.php(723): Illuminate\Pipeline\Pipeline->then(Object(Closure))
#28 C:\xampp\htdocs\06_SVN\vendor\laravel\framework\src\Illuminate\Routing\Router.php(698): Illuminate\Routing\Router->runRouteWithinStack(Object(Illuminate\Routing\Route), Object(Illuminate\Http\Request))
#29 C:\xampp\htdocs\06_SVN\vendor\laravel\framework\src\Illuminate\Routing\Router.php(662): Illuminate\Routing\Router->runRoute(Object(Illuminate\Http\Request), Object(Illuminate\Routing\Route))
#30 C:\xampp\htdocs\06_SVN\vendor\laravel\framework\src\Illuminate\Routing\Router.php(651): Illuminate\Routing\Router->dispatchToRoute(Object(Illuminate\Http\Request))
#31 C:\xampp\htdocs\06_SVN\vendor\laravel\framework\src\Illuminate\Foundation\Http\Kernel.php(167): Illuminate\Routing\Router->dispatch(Object(Illuminate\Http\Request))
#32 C:\xampp\htdocs\06_SVN\vendor\laravel\framework\src\Illuminate\Pipeline\Pipeline.php(128): Illuminate\Foundation\Http\Kernel->Illuminate\Foundation\Http\{closure}(Object(Illuminate\Http\Request))
#33 C:\xampp\htdocs\06_SVN\vendor\barryvdh\laravel-debugbar\src\Middleware\InjectDebugbar.php(67): Illuminate\Pipeline\Pipeline->Illuminate\Pipeline\{closure}(Object(Illuminate\Http\Request))
#34 C:\xampp\htdocs\06_SVN\vendor\laravel\framework\src\Illuminate\Pipeline\Pipeline.php(167): Barryvdh\Debugbar\Middleware\InjectDebugbar->handle(Object(Illuminate\Http\Request), Object(Closure))
#35 C:\xampp\htdocs\06_SVN\vendor\laravel\framework\src\Illuminate\Foundation\Http\Middleware\TransformsRequest.php(21): Illuminate\Pipeline\Pipeline->Illuminate\Pipeline\{closure}(Object(Illuminate\Http\Request))
#36 C:\xampp\htdocs\06_SVN\vendor\laravel\framework\src\Illuminate\Foundation\Http\Middleware\ConvertEmptyStringsToNull.php(31): Illuminate\Foundation\Http\Middleware\TransformsRequest->handle(Object(Illuminate\Http\Request), Object(Closure))
#37 C:\xampp\htdocs\06_SVN\vendor\laravel\framework\src\Illuminate\Pipeline\Pipeline.php(167): Illuminate\Foundation\Http\Middleware\ConvertEmptyStringsToNull->handle(Object(Illuminate\Http\Request), Object(Closure))
#38 C:\xampp\htdocs\06_SVN\vendor\laravel\framework\src\Illuminate\Foundation\Http\Middleware\TransformsRequest.php(21): Illuminate\Pipeline\Pipeline->Illuminate\Pipeline\{closure}(Object(Illuminate\Http\Request))
#39 C:\xampp\htdocs\06_SVN\vendor\laravel\framework\src\Illuminate\Foundation\Http\Middleware\TrimStrings.php(40): Illuminate\Foundation\Http\Middleware\TransformsRequest->handle(Object(Illuminate\Http\Request), Object(Closure))
#40 C:\xampp\htdocs\06_SVN\vendor\laravel\framework\src\Illuminate\Pipeline\Pipeline.php(167): Illuminate\Foundation\Http\Middleware\TrimStrings->handle(Object(Illuminate\Http\Request), Object(Closure))
#41 C:\xampp\htdocs\06_SVN\vendor\laravel\framework\src\Illuminate\Foundation\Http\Middleware\ValidatePostSize.php(27): Illuminate\Pipeline\Pipeline->Illuminate\Pipeline\{closure}(Object(Illuminate\Http\Request))
#42 C:\xampp\htdocs\06_SVN\vendor\laravel\framework\src\Illuminate\Pipeline\Pipeline.php(167): Illuminate\Foundation\Http\Middleware\ValidatePostSize->handle(Object(Illuminate\Http\Request), Object(Closure))
#43 C:\xampp\htdocs\06_SVN\vendor\laravel\framework\src\Illuminate\Foundation\Http\Middleware\PreventRequestsDuringMaintenance.php(86): Illuminate\Pipeline\Pipeline->Illuminate\Pipeline\{closure}(Object(Illuminate\Http\Request))
#44 C:\xampp\htdocs\06_SVN\vendor\laravel\framework\src\Illuminate\Pipeline\Pipeline.php(167): Illuminate\Foundation\Http\Middleware\PreventRequestsDuringMaintenance->handle(Object(Illuminate\Http\Request), Object(Closure))
#45 C:\xampp\htdocs\06_SVN\vendor\fruitcake\laravel-cors\src\HandleCors.php(38): Illuminate\Pipeline\Pipeline->Illuminate\Pipeline\{closure}(Object(Illuminate\Http\Request))
#46 C:\xampp\htdocs\06_SVN\vendor\laravel\framework\src\Illuminate\Pipeline\Pipeline.php(167): Fruitcake\Cors\HandleCors->handle(Object(Illuminate\Http\Request), Object(Closure))
#47 C:\xampp\htdocs\06_SVN\vendor\fideloper\proxy\src\TrustProxies.php(57): Illuminate\Pipeline\Pipeline->Illuminate\Pipeline\{closure}(Object(Illuminate\Http\Request))
#48 C:\xampp\htdocs\06_SVN\vendor\laravel\framework\src\Illuminate\Pipeline\Pipeline.php(167): Fideloper\Proxy\TrustProxies->handle(Object(Illuminate\Http\Request), Object(Closure))
#49 C:\xampp\htdocs\06_SVN\vendor\laravel\framework\src\Illuminate\Pipeline\Pipeline.php(103): Illuminate\Pipeline\Pipeline->Illuminate\Pipeline\{closure}(Object(Illuminate\Http\Request))
#50 C:\xampp\htdocs\06_SVN\vendor\laravel\framework\src\Illuminate\Foundation\Http\Kernel.php(142): Illuminate\Pipeline\Pipeline->then(Object(Closure))
#51 C:\xampp\htdocs\06_SVN\vendor\laravel\framework\src\Illuminate\Foundation\Http\Kernel.php(111): Illuminate\Foundation\Http\Kernel->sendRequestThroughRouter(Object(Illuminate\Http\Request))
#52 C:\xampp\htdocs\06_SVN\public\index.php(52): Illuminate\Foundation\Http\Kernel->handle(Object(Illuminate\Http\Request))
#53 C:\xampp\htdocs\06_SVN\server.php(21): require_once('C:\\xampp\\htdocs...')
#54 {main}  
[2022-08-22T15:50:28.547720+09:00] WorkTimeSVC.INFO: Exception: Property [count] does not exist on this collection instance. in C:\xampp\htdocs\06_SVN\vendor\laravel\framework\src\Illuminate\Collections\Traits\EnumeratesValues.php:969
Stack trace:
#0 C:\xampp\htdocs\06_SVN\app\WorkTmSvc\GetWorkTimeDataUtility.php(26): Illuminate\Support\Collection->__get('count')
#1 C:\xampp\htdocs\06_SVN\app\Http\Controllers\Mng_Oprt\WorkTimeConvertController.php(47): App\WorkTmSvc\GetWorkTimeDataUtility::getWorkTimeDataFromAllTerminalToServer()
#2 C:\xampp\htdocs\06_SVN\vendor\laravel\framework\src\Illuminate\Routing\Controller.php(54): App\Http\Controllers\Mng_Oprt\WorkTimeConvertController->search()
#3 C:\xampp\htdocs\06_SVN\vendor\laravel\framework\src\Illuminate\Routing\ControllerDispatcher.php(45): Illuminate\Routing\Controller->callAction('search', Array)
#4 C:\xampp\htdocs\06_SVN\vendor\laravel\framework\src\Illuminate\Routing\Route.php(262): Illuminate\Routing\ControllerDispatcher->dispatch(Object(Illuminate\Routing\Route), Object(App\Http\Controllers\Mng_Oprt\WorkTimeConvertController), 'search')
#5 C:\xampp\htdocs\06_SVN\vendor\laravel\framework\src\Illuminate\Routing\Route.php(205): Illuminate\Routing\Route->runController()
#6 C:\xampp\htdocs\06_SVN\vendor\laravel\framework\src\Illuminate\Routing\Router.php(721): Illuminate\Routing\Route->run()
#7 C:\xampp\htdocs\06_SVN\vendor\laravel\framework\src\Illuminate\Pipeline\Pipeline.php(128): Illuminate\Routing\Router->Illuminate\Routing\{closure}(Object(Illuminate\Http\Request))
#8 C:\xampp\htdocs\06_SVN\app\Http\Controllers\Controller.php(98): Illuminate\Pipeline\Pipeline->Illuminate\Pipeline\{closure}(Object(Illuminate\Http\Request))
#9 C:\xampp\htdocs\06_SVN\vendor\laravel\framework\src\Illuminate\Pipeline\Pipeline.php(149): App\Http\Controllers\Controller->App\Http\Controllers\{closure}(Object(Illuminate\Http\Request), Object(Closure))
#10 C:\xampp\htdocs\06_SVN\app\Http\Middleware\AuthCheck.php(22): Illuminate\Pipeline\Pipeline->Illuminate\Pipeline\{closure}(Object(Illuminate\Http\Request))
#11 C:\xampp\htdocs\06_SVN\vendor\laravel\framework\src\Illuminate\Pipeline\Pipeline.php(167): App\Http\Middleware\AuthCheck->handle(Object(Illuminate\Http\Request), Object(Closure))
#12 C:\xampp\htdocs\06_SVN\vendor\laravel\framework\src\Illuminate\Routing\Middleware\SubstituteBindings.php(50): Illuminate\Pipeline\Pipeline->Illuminate\Pipeline\{closure}(Object(Illuminate\Http\Request))
#13 C:\xampp\htdocs\06_SVN\vendor\laravel\framework\src\Illuminate\Pipeline\Pipeline.php(167): Illuminate\Routing\Middleware\SubstituteBindings->handle(Object(Illuminate\Http\Request), Object(Closure))
#14 C:\xampp\htdocs\06_SVN\vendor\laravel\framework\src\Illuminate\Foundation\Http\Middleware\VerifyCsrfToken.php(78): Illuminate\Pipeline\Pipeline->Illuminate\Pipeline\{closure}(Object(Illuminate\Http\Request))
#15 C:\xampp\htdocs\06_SVN\app\Http\Middleware\VerifyCsrfToken.php(34): Illuminate\Foundation\Http\Middleware\VerifyCsrfToken->handle(Object(Illuminate\Http\Request), Object(Closure))
#16 C:\xampp\htdocs\06_SVN\vendor\laravel\framework\src\Illuminate\Pipeline\Pipeline.php(167): App\Http\Middleware\VerifyCsrfToken->handle(Object(Illuminate\Http\Request), Object(Closure))
#17 C:\xampp\htdocs\06_SVN\vendor\laravel\framework\src\Illuminate\View\Middleware\ShareErrorsFromSession.php(49): Illuminate\Pipeline\Pipeline->Illuminate\Pipeline\{closure}(Object(Illuminate\Http\Request))
#18 C:\xampp\htdocs\06_SVN\vendor\laravel\framework\src\Illuminate\Pipeline\Pipeline.php(167): Illuminate\View\Middleware\ShareErrorsFromSession->handle(Object(Illuminate\Http\Request), Object(Closure))
#19 C:\xampp\htdocs\06_SVN\vendor\laravel\framework\src\Illuminate\Session\Middleware\StartSession.php(121): Illuminate\Pipeline\Pipeline->Illuminate\Pipeline\{closure}(Object(Illuminate\Http\Request))
#20 C:\xampp\htdocs\06_SVN\vendor\laravel\framework\src\Illuminate\Session\Middleware\StartSession.php(64): Illuminate\Session\Middleware\StartSession->handleStatefulRequest(Object(Illuminate\Http\Request), Object(Illuminate\Session\Store), Object(Closure))
#21 C:\xampp\htdocs\06_SVN\vendor\laravel\framework\src\Illuminate\Pipeline\Pipeline.php(167): Illuminate\Session\Middleware\StartSession->handle(Object(Illuminate\Http\Request), Object(Closure))
#22 C:\xampp\htdocs\06_SVN\vendor\laravel\framework\src\Illuminate\Cookie\Middleware\AddQueuedCookiesToResponse.php(37): Illuminate\Pipeline\Pipeline->Illuminate\Pipeline\{closure}(Object(Illuminate\Http\Request))
#23 C:\xampp\htdocs\06_SVN\vendor\laravel\framework\src\Illuminate\Pipeline\Pipeline.php(167): Illuminate\Cookie\Middleware\AddQueuedCookiesToResponse->handle(Object(Illuminate\Http\Request), Object(Closure))
#24 C:\xampp\htdocs\06_SVN\vendor\laravel\framework\src\Illuminate\Cookie\Middleware\EncryptCookies.php(67): Illuminate\Pipeline\Pipeline->Illuminate\Pipeline\{closure}(Object(Illuminate\Http\Request))
#25 C:\xampp\htdocs\06_SVN\vendor\laravel\framework\src\Illuminate\Pipeline\Pipeline.php(167): Illuminate\Cookie\Middleware\EncryptCookies->handle(Object(Illuminate\Http\Request), Object(Closure))
#26 C:\xampp\htdocs\06_SVN\vendor\laravel\framework\src\Illuminate\Pipeline\Pipeline.php(103): Illuminate\Pipeline\Pipeline->Illuminate\Pipeline\{closure}(Object(Illuminate\Http\Request))
#27 C:\xampp\htdocs\06_SVN\vendor\laravel\framework\src\Illuminate\Routing\Router.php(723): Illuminate\Pipeline\Pipeline->then(Object(Closure))
#28 C:\xampp\htdocs\06_SVN\vendor\laravel\framework\src\Illuminate\Routing\Router.php(698): Illuminate\Routing\Router->runRouteWithinStack(Object(Illuminate\Routing\Route), Object(Illuminate\Http\Request))
#29 C:\xampp\htdocs\06_SVN\vendor\laravel\framework\src\Illuminate\Routing\Router.php(662): Illuminate\Routing\Router->runRoute(Object(Illuminate\Http\Request), Object(Illuminate\Routing\Route))
#30 C:\xampp\htdocs\06_SVN\vendor\laravel\framework\src\Illuminate\Routing\Router.php(651): Illuminate\Routing\Router->dispatchToRoute(Object(Illuminate\Http\Request))
#31 C:\xampp\htdocs\06_SVN\vendor\laravel\framework\src\Illuminate\Foundation\Http\Kernel.php(167): Illuminate\Routing\Router->dispatch(Object(Illuminate\Http\Request))
#32 C:\xampp\htdocs\06_SVN\vendor\laravel\framework\src\Illuminate\Pipeline\Pipeline.php(128): Illuminate\Foundation\Http\Kernel->Illuminate\Foundation\Http\{closure}(Object(Illuminate\Http\Request))
#33 C:\xampp\htdocs\06_SVN\vendor\barryvdh\laravel-debugbar\src\Middleware\InjectDebugbar.php(67): Illuminate\Pipeline\Pipeline->Illuminate\Pipeline\{closure}(Object(Illuminate\Http\Request))
#34 C:\xampp\htdocs\06_SVN\vendor\laravel\framework\src\Illuminate\Pipeline\Pipeline.php(167): Barryvdh\Debugbar\Middleware\InjectDebugbar->handle(Object(Illuminate\Http\Request), Object(Closure))
#35 C:\xampp\htdocs\06_SVN\vendor\laravel\framework\src\Illuminate\Foundation\Http\Middleware\TransformsRequest.php(21): Illuminate\Pipeline\Pipeline->Illuminate\Pipeline\{closure}(Object(Illuminate\Http\Request))
#36 C:\xampp\htdocs\06_SVN\vendor\laravel\framework\src\Illuminate\Foundation\Http\Middleware\ConvertEmptyStringsToNull.php(31): Illuminate\Foundation\Http\Middleware\TransformsRequest->handle(Object(Illuminate\Http\Request), Object(Closure))
#37 C:\xampp\htdocs\06_SVN\vendor\laravel\framework\src\Illuminate\Pipeline\Pipeline.php(167): Illuminate\Foundation\Http\Middleware\ConvertEmptyStringsToNull->handle(Object(Illuminate\Http\Request), Object(Closure))
#38 C:\xampp\htdocs\06_SVN\vendor\laravel\framework\src\Illuminate\Foundation\Http\Middleware\TransformsRequest.php(21): Illuminate\Pipeline\Pipeline->Illuminate\Pipeline\{closure}(Object(Illuminate\Http\Request))
#39 C:\xampp\htdocs\06_SVN\vendor\laravel\framework\src\Illuminate\Foundation\Http\Middleware\TrimStrings.php(40): Illuminate\Foundation\Http\Middleware\TransformsRequest->handle(Object(Illuminate\Http\Request), Object(Closure))
#40 C:\xampp\htdocs\06_SVN\vendor\laravel\framework\src\Illuminate\Pipeline\Pipeline.php(167): Illuminate\Foundation\Http\Middleware\TrimStrings->handle(Object(Illuminate\Http\Request), Object(Closure))
#41 C:\xampp\htdocs\06_SVN\vendor\laravel\framework\src\Illuminate\Foundation\Http\Middleware\ValidatePostSize.php(27): Illuminate\Pipeline\Pipeline->Illuminate\Pipeline\{closure}(Object(Illuminate\Http\Request))
#42 C:\xampp\htdocs\06_SVN\vendor\laravel\framework\src\Illuminate\Pipeline\Pipeline.php(167): Illuminate\Foundation\Http\Middleware\ValidatePostSize->handle(Object(Illuminate\Http\Request), Object(Closure))
#43 C:\xampp\htdocs\06_SVN\vendor\laravel\framework\src\Illuminate\Foundation\Http\Middleware\PreventRequestsDuringMaintenance.php(86): Illuminate\Pipeline\Pipeline->Illuminate\Pipeline\{closure}(Object(Illuminate\Http\Request))
#44 C:\xampp\htdocs\06_SVN\vendor\laravel\framework\src\Illuminate\Pipeline\Pipeline.php(167): Illuminate\Foundation\Http\Middleware\PreventRequestsDuringMaintenance->handle(Object(Illuminate\Http\Request), Object(Closure))
#45 C:\xampp\htdocs\06_SVN\vendor\fruitcake\laravel-cors\src\HandleCors.php(38): Illuminate\Pipeline\Pipeline->Illuminate\Pipeline\{closure}(Object(Illuminate\Http\Request))
#46 C:\xampp\htdocs\06_SVN\vendor\laravel\framework\src\Illuminate\Pipeline\Pipeline.php(167): Fruitcake\Cors\HandleCors->handle(Object(Illuminate\Http\Request), Object(Closure))
#47 C:\xampp\htdocs\06_SVN\vendor\fideloper\proxy\src\TrustProxies.php(57): Illuminate\Pipeline\Pipeline->Illuminate\Pipeline\{closure}(Object(Illuminate\Http\Request))
#48 C:\xampp\htdocs\06_SVN\vendor\laravel\framework\src\Illuminate\Pipeline\Pipeline.php(167): Fideloper\Proxy\TrustProxies->handle(Object(Illuminate\Http\Request), Object(Closure))
#49 C:\xampp\htdocs\06_SVN\vendor\laravel\framework\src\Illuminate\Pipeline\Pipeline.php(103): Illuminate\Pipeline\Pipeline->Illuminate\Pipeline\{closure}(Object(Illuminate\Http\Request))
#50 C:\xampp\htdocs\06_SVN\vendor\laravel\framework\src\Illuminate\Foundation\Http\Kernel.php(142): Illuminate\Pipeline\Pipeline->then(Object(Closure))
#51 C:\xampp\htdocs\06_SVN\vendor\laravel\framework\src\Illuminate\Foundation\Http\Kernel.php(111): Illuminate\Foundation\Http\Kernel->sendRequestThroughRouter(Object(Illuminate\Http\Request))
#52 C:\xampp\htdocs\06_SVN\public\index.php(52): Illuminate\Foundation\Http\Kernel->handle(Object(Illuminate\Http\Request))
#53 C:\xampp\htdocs\06_SVN\server.php(21): require_once('C:\\xampp\\htdocs...')
#54 {main}  
[2022-08-22T16:31:34.256992+09:00] WorkTimeSVC.INFO: Exception: Property [count] does not exist on this collection instance. in C:\xampp\htdocs\06_SVN\vendor\laravel\framework\src\Illuminate\Collections\Traits\EnumeratesValues.php:969
Stack trace:
#0 C:\xampp\htdocs\06_SVN\app\WorkTmSvc\GetWorkTimeDataUtility.php(26): Illuminate\Support\Collection->__get('count')
#1 C:\xampp\htdocs\06_SVN\app\Http\Controllers\Mng_Oprt\WorkTimeConvertController.php(47): App\WorkTmSvc\GetWorkTimeDataUtility::getWorkTimeDataFromAllTerminalToServer()
#2 C:\xampp\htdocs\06_SVN\vendor\laravel\framework\src\Illuminate\Routing\Controller.php(54): App\Http\Controllers\Mng_Oprt\WorkTimeConvertController->search()
#3 C:\xampp\htdocs\06_SVN\vendor\laravel\framework\src\Illuminate\Routing\ControllerDispatcher.php(45): Illuminate\Routing\Controller->callAction('search', Array)
#4 C:\xampp\htdocs\06_SVN\vendor\laravel\framework\src\Illuminate\Routing\Route.php(262): Illuminate\Routing\ControllerDispatcher->dispatch(Object(Illuminate\Routing\Route), Object(App\Http\Controllers\Mng_Oprt\WorkTimeConvertController), 'search')
#5 C:\xampp\htdocs\06_SVN\vendor\laravel\framework\src\Illuminate\Routing\Route.php(205): Illuminate\Routing\Route->runController()
#6 C:\xampp\htdocs\06_SVN\vendor\laravel\framework\src\Illuminate\Routing\Router.php(721): Illuminate\Routing\Route->run()
#7 C:\xampp\htdocs\06_SVN\vendor\laravel\framework\src\Illuminate\Pipeline\Pipeline.php(128): Illuminate\Routing\Router->Illuminate\Routing\{closure}(Object(Illuminate\Http\Request))
#8 C:\xampp\htdocs\06_SVN\app\Http\Controllers\Controller.php(98): Illuminate\Pipeline\Pipeline->Illuminate\Pipeline\{closure}(Object(Illuminate\Http\Request))
#9 C:\xampp\htdocs\06_SVN\vendor\laravel\framework\src\Illuminate\Pipeline\Pipeline.php(149): App\Http\Controllers\Controller->App\Http\Controllers\{closure}(Object(Illuminate\Http\Request), Object(Closure))
#10 C:\xampp\htdocs\06_SVN\app\Http\Middleware\AuthCheck.php(22): Illuminate\Pipeline\Pipeline->Illuminate\Pipeline\{closure}(Object(Illuminate\Http\Request))
#11 C:\xampp\htdocs\06_SVN\vendor\laravel\framework\src\Illuminate\Pipeline\Pipeline.php(167): App\Http\Middleware\AuthCheck->handle(Object(Illuminate\Http\Request), Object(Closure))
#12 C:\xampp\htdocs\06_SVN\vendor\laravel\framework\src\Illuminate\Routing\Middleware\SubstituteBindings.php(50): Illuminate\Pipeline\Pipeline->Illuminate\Pipeline\{closure}(Object(Illuminate\Http\Request))
#13 C:\xampp\htdocs\06_SVN\vendor\laravel\framework\src\Illuminate\Pipeline\Pipeline.php(167): Illuminate\Routing\Middleware\SubstituteBindings->handle(Object(Illuminate\Http\Request), Object(Closure))
#14 C:\xampp\htdocs\06_SVN\vendor\laravel\framework\src\Illuminate\Foundation\Http\Middleware\VerifyCsrfToken.php(78): Illuminate\Pipeline\Pipeline->Illuminate\Pipeline\{closure}(Object(Illuminate\Http\Request))
#15 C:\xampp\htdocs\06_SVN\app\Http\Middleware\VerifyCsrfToken.php(34): Illuminate\Foundation\Http\Middleware\VerifyCsrfToken->handle(Object(Illuminate\Http\Request), Object(Closure))
#16 C:\xampp\htdocs\06_SVN\vendor\laravel\framework\src\Illuminate\Pipeline\Pipeline.php(167): App\Http\Middleware\VerifyCsrfToken->handle(Object(Illuminate\Http\Request), Object(Closure))
#17 C:\xampp\htdocs\06_SVN\vendor\laravel\framework\src\Illuminate\View\Middleware\ShareErrorsFromSession.php(49): Illuminate\Pipeline\Pipeline->Illuminate\Pipeline\{closure}(Object(Illuminate\Http\Request))
#18 C:\xampp\htdocs\06_SVN\vendor\laravel\framework\src\Illuminate\Pipeline\Pipeline.php(167): Illuminate\View\Middleware\ShareErrorsFromSession->handle(Object(Illuminate\Http\Request), Object(Closure))
#19 C:\xampp\htdocs\06_SVN\vendor\laravel\framework\src\Illuminate\Session\Middleware\StartSession.php(121): Illuminate\Pipeline\Pipeline->Illuminate\Pipeline\{closure}(Object(Illuminate\Http\Request))
#20 C:\xampp\htdocs\06_SVN\vendor\laravel\framework\src\Illuminate\Session\Middleware\StartSession.php(64): Illuminate\Session\Middleware\StartSession->handleStatefulRequest(Object(Illuminate\Http\Request), Object(Illuminate\Session\Store), Object(Closure))
#21 C:\xampp\htdocs\06_SVN\vendor\laravel\framework\src\Illuminate\Pipeline\Pipeline.php(167): Illuminate\Session\Middleware\StartSession->handle(Object(Illuminate\Http\Request), Object(Closure))
#22 C:\xampp\htdocs\06_SVN\vendor\laravel\framework\src\Illuminate\Cookie\Middleware\AddQueuedCookiesToResponse.php(37): Illuminate\Pipeline\Pipeline->Illuminate\Pipeline\{closure}(Object(Illuminate\Http\Request))
#23 C:\xampp\htdocs\06_SVN\vendor\laravel\framework\src\Illuminate\Pipeline\Pipeline.php(167): Illuminate\Cookie\Middleware\AddQueuedCookiesToResponse->handle(Object(Illuminate\Http\Request), Object(Closure))
#24 C:\xampp\htdocs\06_SVN\vendor\laravel\framework\src\Illuminate\Cookie\Middleware\EncryptCookies.php(67): Illuminate\Pipeline\Pipeline->Illuminate\Pipeline\{closure}(Object(Illuminate\Http\Request))
#25 C:\xampp\htdocs\06_SVN\vendor\laravel\framework\src\Illuminate\Pipeline\Pipeline.php(167): Illuminate\Cookie\Middleware\EncryptCookies->handle(Object(Illuminate\Http\Request), Object(Closure))
#26 C:\xampp\htdocs\06_SVN\vendor\laravel\framework\src\Illuminate\Pipeline\Pipeline.php(103): Illuminate\Pipeline\Pipeline->Illuminate\Pipeline\{closure}(Object(Illuminate\Http\Request))
#27 C:\xampp\htdocs\06_SVN\vendor\laravel\framework\src\Illuminate\Routing\Router.php(723): Illuminate\Pipeline\Pipeline->then(Object(Closure))
#28 C:\xampp\htdocs\06_SVN\vendor\laravel\framework\src\Illuminate\Routing\Router.php(698): Illuminate\Routing\Router->runRouteWithinStack(Object(Illuminate\Routing\Route), Object(Illuminate\Http\Request))
#29 C:\xampp\htdocs\06_SVN\vendor\laravel\framework\src\Illuminate\Routing\Router.php(662): Illuminate\Routing\Router->runRoute(Object(Illuminate\Http\Request), Object(Illuminate\Routing\Route))
#30 C:\xampp\htdocs\06_SVN\vendor\laravel\framework\src\Illuminate\Routing\Router.php(651): Illuminate\Routing\Router->dispatchToRoute(Object(Illuminate\Http\Request))
#31 C:\xampp\htdocs\06_SVN\vendor\laravel\framework\src\Illuminate\Foundation\Http\Kernel.php(167): Illuminate\Routing\Router->dispatch(Object(Illuminate\Http\Request))
#32 C:\xampp\htdocs\06_SVN\vendor\laravel\framework\src\Illuminate\Pipeline\Pipeline.php(128): Illuminate\Foundation\Http\Kernel->Illuminate\Foundation\Http\{closure}(Object(Illuminate\Http\Request))
#33 C:\xampp\htdocs\06_SVN\vendor\barryvdh\laravel-debugbar\src\Middleware\InjectDebugbar.php(67): Illuminate\Pipeline\Pipeline->Illuminate\Pipeline\{closure}(Object(Illuminate\Http\Request))
#34 C:\xampp\htdocs\06_SVN\vendor\laravel\framework\src\Illuminate\Pipeline\Pipeline.php(167): Barryvdh\Debugbar\Middleware\InjectDebugbar->handle(Object(Illuminate\Http\Request), Object(Closure))
#35 C:\xampp\htdocs\06_SVN\vendor\laravel\framework\src\Illuminate\Foundation\Http\Middleware\TransformsRequest.php(21): Illuminate\Pipeline\Pipeline->Illuminate\Pipeline\{closure}(Object(Illuminate\Http\Request))
#36 C:\xampp\htdocs\06_SVN\vendor\laravel\framework\src\Illuminate\Foundation\Http\Middleware\ConvertEmptyStringsToNull.php(31): Illuminate\Foundation\Http\Middleware\TransformsRequest->handle(Object(Illuminate\Http\Request), Object(Closure))
#37 C:\xampp\htdocs\06_SVN\vendor\laravel\framework\src\Illuminate\Pipeline\Pipeline.php(167): Illuminate\Foundation\Http\Middleware\ConvertEmptyStringsToNull->handle(Object(Illuminate\Http\Request), Object(Closure))
#38 C:\xampp\htdocs\06_SVN\vendor\laravel\framework\src\Illuminate\Foundation\Http\Middleware\TransformsRequest.php(21): Illuminate\Pipeline\Pipeline->Illuminate\Pipeline\{closure}(Object(Illuminate\Http\Request))
#39 C:\xampp\htdocs\06_SVN\vendor\laravel\framework\src\Illuminate\Foundation\Http\Middleware\TrimStrings.php(40): Illuminate\Foundation\Http\Middleware\TransformsRequest->handle(Object(Illuminate\Http\Request), Object(Closure))
#40 C:\xampp\htdocs\06_SVN\vendor\laravel\framework\src\Illuminate\Pipeline\Pipeline.php(167): Illuminate\Foundation\Http\Middleware\TrimStrings->handle(Object(Illuminate\Http\Request), Object(Closure))
#41 C:\xampp\htdocs\06_SVN\vendor\laravel\framework\src\Illuminate\Foundation\Http\Middleware\ValidatePostSize.php(27): Illuminate\Pipeline\Pipeline->Illuminate\Pipeline\{closure}(Object(Illuminate\Http\Request))
#42 C:\xampp\htdocs\06_SVN\vendor\laravel\framework\src\Illuminate\Pipeline\Pipeline.php(167): Illuminate\Foundation\Http\Middleware\ValidatePostSize->handle(Object(Illuminate\Http\Request), Object(Closure))
#43 C:\xampp\htdocs\06_SVN\vendor\laravel\framework\src\Illuminate\Foundation\Http\Middleware\PreventRequestsDuringMaintenance.php(86): Illuminate\Pipeline\Pipeline->Illuminate\Pipeline\{closure}(Object(Illuminate\Http\Request))
#44 C:\xampp\htdocs\06_SVN\vendor\laravel\framework\src\Illuminate\Pipeline\Pipeline.php(167): Illuminate\Foundation\Http\Middleware\PreventRequestsDuringMaintenance->handle(Object(Illuminate\Http\Request), Object(Closure))
#45 C:\xampp\htdocs\06_SVN\vendor\fruitcake\laravel-cors\src\HandleCors.php(38): Illuminate\Pipeline\Pipeline->Illuminate\Pipeline\{closure}(Object(Illuminate\Http\Request))
#46 C:\xampp\htdocs\06_SVN\vendor\laravel\framework\src\Illuminate\Pipeline\Pipeline.php(167): Fruitcake\Cors\HandleCors->handle(Object(Illuminate\Http\Request), Object(Closure))
#47 C:\xampp\htdocs\06_SVN\vendor\fideloper\proxy\src\TrustProxies.php(57): Illuminate\Pipeline\Pipeline->Illuminate\Pipeline\{closure}(Object(Illuminate\Http\Request))
#48 C:\xampp\htdocs\06_SVN\vendor\laravel\framework\src\Illuminate\Pipeline\Pipeline.php(167): Fideloper\Proxy\TrustProxies->handle(Object(Illuminate\Http\Request), Object(Closure))
#49 C:\xampp\htdocs\06_SVN\vendor\laravel\framework\src\Illuminate\Pipeline\Pipeline.php(103): Illuminate\Pipeline\Pipeline->Illuminate\Pipeline\{closure}(Object(Illuminate\Http\Request))
#50 C:\xampp\htdocs\06_SVN\vendor\laravel\framework\src\Illuminate\Foundation\Http\Kernel.php(142): Illuminate\Pipeline\Pipeline->then(Object(Closure))
#51 C:\xampp\htdocs\06_SVN\vendor\laravel\framework\src\Illuminate\Foundation\Http\Kernel.php(111): Illuminate\Foundation\Http\Kernel->sendRequestThroughRouter(Object(Illuminate\Http\Request))
#52 C:\xampp\htdocs\06_SVN\public\index.php(52): Illuminate\Foundation\Http\Kernel->handle(Object(Illuminate\Http\Request))
#53 C:\xampp\htdocs\06_SVN\server.php(21): require_once('C:\\xampp\\htdocs...')
#54 {main}  
